<?xml version="1.0" encoding="UTF-8"?>
<testng-results ignored="0" total="6" passed="3" failed="3" skipped="0">
  <reporter-output>
  </reporter-output>
  <suite started-at="2024-05-22T12:23:51Z" name="Suite" finished-at="2024-05-22T12:25:03Z" duration-ms="71873">
    <groups>
      <group name="SmokeTesting">
        <method signature="CreateOrganizationTest.createOrg()[pri:0, instance:com.comcast.crm.organizationtest.CreateOrganizationTest@61544ae6]" name="createOrg" class="com.comcast.crm.organizationtest.CreateOrganizationTest"/>
        <method signature="CreateContactTest.createContact()[pri:0, instance:com.comcat.crm.contacttest.CreateContactTest@41e68d87]" name="createContact" class="com.comcat.crm.contacttest.CreateContactTest"/>
      </group> <!-- SmokeTesting -->
      <group name="RegressionSuite">
        <method signature="CreateOrganizationTest.createOrgWithIndustry()[pri:0, instance:com.comcast.crm.organizationtest.CreateOrganizationTest@61544ae6]" name="createOrgWithIndustry" class="com.comcast.crm.organizationtest.CreateOrganizationTest"/>
        <method signature="CreateOrganizationTest.createOrganizationWithphonenumbertest()[pri:0, instance:com.comcast.crm.organizationtest.CreateOrganizationTest@61544ae6]" name="createOrganizationWithphonenumbertest" class="com.comcast.crm.organizationtest.CreateOrganizationTest"/>
        <method signature="CreateContactTest.createContactWithData()[pri:0, instance:com.comcat.crm.contacttest.CreateContactTest@41e68d87]" name="createContactWithData" class="com.comcat.crm.contacttest.CreateContactTest"/>
      </group> <!-- RegressionSuite -->
    </groups>
    <test started-at="2024-05-22T12:23:51Z" name="Test1" finished-at="2024-05-22T12:24:55Z" duration-ms="63429">
      <class name="com.comcast.crm.organizationtest.CreateOrganizationTest">
        <test-method is-config="true" signature="configBC()[pri:0, instance:com.comcast.crm.organizationtest.CreateOrganizationTest@61544ae6]" started-at="2024-05-22T12:23:51Z" name="configBC" finished-at="2024-05-22T12:23:57Z" duration-ms="5432" status="PASS">
          <reporter-output>
          </reporter-output>
        </test-method> <!-- configBC -->
        <test-method is-config="true" signature="configBM()[pri:0, instance:com.comcast.crm.organizationtest.CreateOrganizationTest@61544ae6]" started-at="2024-05-22T12:23:57Z" name="configBM" finished-at="2024-05-22T12:24:00Z" duration-ms="3690" status="PASS">
          <reporter-output>
          </reporter-output>
        </test-method> <!-- configBM -->
        <test-method signature="createOrg()[pri:0, instance:com.comcast.crm.organizationtest.CreateOrganizationTest@61544ae6]" started-at="2024-05-22T12:24:00Z" name="createOrg" finished-at="2024-05-22T12:24:13Z" duration-ms="13031" status="FAIL">
          <exception class="java.lang.AssertionError">
            <message>
              <![CDATA[The following asserts failed:
expected [false] but found [true]]]>
            </message>
            <full-stacktrace>
              <![CDATA[java.lang.AssertionError: The following asserts failed:
expected [false] but found [true]
at org.testng.asserts.SoftAssert.assertAll(SoftAssert.java:43)
at com.comcast.crm.organizationtest.CreateOrganizationTest.createOrg(CreateOrganizationTest.java:41)
at java.base/jdk.internal.reflect.NativeMethodAccessorImpl.invoke0(Native Method)
at java.base/jdk.internal.reflect.NativeMethodAccessorImpl.invoke(NativeMethodAccessorImpl.java:77)
at java.base/jdk.internal.reflect.DelegatingMethodAccessorImpl.invoke(DelegatingMethodAccessorImpl.java:43)
at java.base/java.lang.reflect.Method.invoke(Method.java:568)
at org.testng.internal.MethodInvocationHelper.invokeMethod(MethodInvocationHelper.java:124)
at org.testng.internal.Invoker.invokeMethod(Invoker.java:583)
at org.testng.internal.Invoker.invokeTestMethod(Invoker.java:719)
at org.testng.internal.Invoker.invokeTestMethods(Invoker.java:989)
at org.testng.internal.TestMethodWorker.invokeTestMethods(TestMethodWorker.java:125)
at org.testng.internal.TestMethodWorker.run(TestMethodWorker.java:109)
at org.testng.TestRunner.privateRun(TestRunner.java:648)
at org.testng.TestRunner.run(TestRunner.java:505)
at org.testng.SuiteRunner.runTest(SuiteRunner.java:455)
at org.testng.SuiteRunner.access$000(SuiteRunner.java:40)
at org.testng.SuiteRunner$SuiteWorker.run(SuiteRunner.java:489)
at org.testng.internal.thread.ThreadUtil$1.call(ThreadUtil.java:52)
at java.base/java.util.concurrent.FutureTask.run(FutureTask.java:264)
at java.base/java.util.concurrent.ThreadPoolExecutor.runWorker(ThreadPoolExecutor.java:1136)
at java.base/java.util.concurrent.ThreadPoolExecutor$Worker.run(ThreadPoolExecutor.java:635)
at java.base/java.lang.Thread.run(Thread.java:833)
]]>
            </full-stacktrace>
          </exception> <!-- java.lang.AssertionError -->
          <reporter-output>
          </reporter-output>
        </test-method> <!-- createOrg -->
        <test-method is-config="true" signature="configAM()[pri:0, instance:com.comcast.crm.organizationtest.CreateOrganizationTest@61544ae6]" started-at="2024-05-22T12:24:14Z" name="configAM" finished-at="2024-05-22T12:24:15Z" duration-ms="1783" status="PASS">
          <reporter-output>
          </reporter-output>
        </test-method> <!-- configAM -->
        <test-method is-config="true" signature="configBM()[pri:0, instance:com.comcast.crm.organizationtest.CreateOrganizationTest@61544ae6]" started-at="2024-05-22T12:24:15Z" name="configBM" finished-at="2024-05-22T12:24:19Z" duration-ms="3506" status="PASS">
          <reporter-output>
          </reporter-output>
        </test-method> <!-- configBM -->
        <test-method signature="createOrgWithIndustry()[pri:0, instance:com.comcast.crm.organizationtest.CreateOrganizationTest@61544ae6]" started-at="2024-05-22T12:24:19Z" name="createOrgWithIndustry" finished-at="2024-05-22T12:24:34Z" duration-ms="15414" status="PASS">
          <reporter-output>
          </reporter-output>
        </test-method> <!-- createOrgWithIndustry -->
        <test-method is-config="true" signature="configAM()[pri:0, instance:com.comcast.crm.organizationtest.CreateOrganizationTest@61544ae6]" started-at="2024-05-22T12:24:34Z" name="configAM" finished-at="2024-05-22T12:24:36Z" duration-ms="1905" status="PASS">
          <reporter-output>
          </reporter-output>
        </test-method> <!-- configAM -->
        <test-method is-config="true" signature="configBM()[pri:0, instance:com.comcast.crm.organizationtest.CreateOrganizationTest@61544ae6]" started-at="2024-05-22T12:24:36Z" name="configBM" finished-at="2024-05-22T12:24:40Z" duration-ms="3402" status="PASS">
          <reporter-output>
          </reporter-output>
        </test-method> <!-- configBM -->
        <test-method signature="createOrganizationWithphonenumbertest()[pri:0, instance:com.comcast.crm.organizationtest.CreateOrganizationTest@61544ae6]" started-at="2024-05-22T12:24:40Z" name="createOrganizationWithphonenumbertest" finished-at="2024-05-22T12:24:52Z" duration-ms="12606" status="FAIL">
          <exception class="java.lang.AssertionError">
            <message>
              <![CDATA[expected [Whatsapp_951] but found [9876766400]]]>
            </message>
            <full-stacktrace>
              <![CDATA[java.lang.AssertionError: expected [Whatsapp_951] but found [9876766400]
at org.testng.Assert.fail(Assert.java:96)
at org.testng.Assert.failNotEquals(Assert.java:776)
at org.testng.Assert.assertEqualsImpl(Assert.java:137)
at org.testng.Assert.assertEquals(Assert.java:118)
at org.testng.Assert.assertEquals(Assert.java:453)
at org.testng.Assert.assertEquals(Assert.java:463)
at com.comcast.crm.organizationtest.CreateOrganizationTest.createOrganizationWithphonenumbertest(CreateOrganizationTest.java:84)
at java.base/jdk.internal.reflect.NativeMethodAccessorImpl.invoke0(Native Method)
at java.base/jdk.internal.reflect.NativeMethodAccessorImpl.invoke(NativeMethodAccessorImpl.java:77)
at java.base/jdk.internal.reflect.DelegatingMethodAccessorImpl.invoke(DelegatingMethodAccessorImpl.java:43)
at java.base/java.lang.reflect.Method.invoke(Method.java:568)
at org.testng.internal.MethodInvocationHelper.invokeMethod(MethodInvocationHelper.java:124)
at org.testng.internal.Invoker.invokeMethod(Invoker.java:583)
at org.testng.internal.Invoker.invokeTestMethod(Invoker.java:719)
at org.testng.internal.Invoker.invokeTestMethods(Invoker.java:989)
at org.testng.internal.TestMethodWorker.invokeTestMethods(TestMethodWorker.java:125)
at org.testng.internal.TestMethodWorker.run(TestMethodWorker.java:109)
at org.testng.TestRunner.privateRun(TestRunner.java:648)
at org.testng.TestRunner.run(TestRunner.java:505)
at org.testng.SuiteRunner.runTest(SuiteRunner.java:455)
at org.testng.SuiteRunner.access$000(SuiteRunner.java:40)
at org.testng.SuiteRunner$SuiteWorker.run(SuiteRunner.java:489)
at org.testng.internal.thread.ThreadUtil$1.call(ThreadUtil.java:52)
at java.base/java.util.concurrent.FutureTask.run(FutureTask.java:264)
at java.base/java.util.concurrent.ThreadPoolExecutor.runWorker(ThreadPoolExecutor.java:1136)
at java.base/java.util.concurrent.ThreadPoolExecutor$Worker.run(ThreadPoolExecutor.java:635)
at java.base/java.lang.Thread.run(Thread.java:833)
]]>
            </full-stacktrace>
          </exception> <!-- java.lang.AssertionError -->
          <reporter-output>
          </reporter-output>
        </test-method> <!-- createOrganizationWithphonenumbertest -->
        <test-method is-config="true" signature="configAM()[pri:0, instance:com.comcast.crm.organizationtest.CreateOrganizationTest@61544ae6]" started-at="2024-05-22T12:24:52Z" name="configAM" finished-at="2024-05-22T12:24:54Z" duration-ms="1972" status="PASS">
          <reporter-output>
          </reporter-output>
        </test-method> <!-- configAM -->
        <test-method is-config="true" signature="configAC()[pri:0, instance:com.comcast.crm.organizationtest.CreateOrganizationTest@61544ae6]" started-at="2024-05-22T12:24:54Z" name="configAC" finished-at="2024-05-22T12:24:55Z" duration-ms="301" status="PASS">
          <reporter-output>
          </reporter-output>
        </test-method> <!-- configAC -->
      </class> <!-- com.comcast.crm.organizationtest.CreateOrganizationTest -->
    </test> <!-- Test1 -->
    <test started-at="2024-05-22T12:23:51Z" name="Test2" finished-at="2024-05-22T12:25:03Z" duration-ms="71873">
      <class name="com.comcat.crm.contacttest.CreateContactTest">
        <test-method is-config="true" signature="configBS()[pri:0, instance:com.comcat.crm.contacttest.CreateContactTest@41e68d87]" started-at="2024-05-22T12:23:51Z" name="configBS" finished-at="2024-05-22T12:23:51Z" duration-ms="540" status="PASS">
          <reporter-output>
          </reporter-output>
        </test-method> <!-- configBS -->
        <test-method is-config="true" signature="configBC()[pri:0, instance:com.comcat.crm.contacttest.CreateContactTest@41e68d87]" started-at="2024-05-22T12:23:51Z" name="configBC" finished-at="2024-05-22T12:23:57Z" duration-ms="5345" status="PASS">
          <reporter-output>
          </reporter-output>
        </test-method> <!-- configBC -->
        <test-method is-config="true" signature="configBM()[pri:0, instance:com.comcat.crm.contacttest.CreateContactTest@41e68d87]" started-at="2024-05-22T12:23:57Z" name="configBM" finished-at="2024-05-22T12:24:00Z" duration-ms="3689" status="PASS">
          <reporter-output>
          </reporter-output>
        </test-method> <!-- configBM -->
        <test-method signature="createContact()[pri:0, instance:com.comcat.crm.contacttest.CreateContactTest@41e68d87]" started-at="2024-05-22T12:24:00Z" name="createContact" finished-at="2024-05-22T12:24:13Z" duration-ms="12233" status="PASS">
          <reporter-output>
          </reporter-output>
        </test-method> <!-- createContact -->
        <test-method is-config="true" signature="configAM()[pri:0, instance:com.comcat.crm.contacttest.CreateContactTest@41e68d87]" started-at="2024-05-22T12:24:13Z" name="configAM" finished-at="2024-05-22T12:24:14Z" duration-ms="1793" status="PASS">
          <reporter-output>
          </reporter-output>
        </test-method> <!-- configAM -->
        <test-method is-config="true" signature="configBM()[pri:0, instance:com.comcat.crm.contacttest.CreateContactTest@41e68d87]" started-at="2024-05-22T12:24:14Z" name="configBM" finished-at="2024-05-22T12:24:17Z" duration-ms="3019" status="PASS">
          <reporter-output>
          </reporter-output>
        </test-method> <!-- configBM -->
        <test-method signature="createContactWithData()[pri:0, instance:com.comcat.crm.contacttest.CreateContactTest@41e68d87]" started-at="2024-05-22T12:24:17Z" name="createContactWithData" finished-at="2024-05-22T12:24:33Z" duration-ms="15678" status="PASS">
          <reporter-output>
          </reporter-output>
        </test-method> <!-- createContactWithData -->
        <test-method is-config="true" signature="configAM()[pri:0, instance:com.comcat.crm.contacttest.CreateContactTest@41e68d87]" started-at="2024-05-22T12:24:33Z" name="configAM" finished-at="2024-05-22T12:24:35Z" duration-ms="1929" status="PASS">
          <reporter-output>
          </reporter-output>
        </test-method> <!-- configAM -->
        <test-method is-config="true" signature="configBM()[pri:0, instance:com.comcat.crm.contacttest.CreateContactTest@41e68d87]" started-at="2024-05-22T12:24:35Z" name="configBM" finished-at="2024-05-22T12:24:38Z" duration-ms="3134" status="PASS">
          <reporter-output>
          </reporter-output>
        </test-method> <!-- configBM -->
        <test-method signature="createContactWithOrg()[pri:0, instance:com.comcat.crm.contacttest.CreateContactTest@41e68d87]" started-at="2024-05-22T12:24:38Z" name="createContactWithOrg" finished-at="2024-05-22T12:25:01Z" duration-ms="23154" status="FAIL">
          <exception class="java.lang.AssertionError">
            <message>
              <![CDATA[The following asserts failed:
expected [fgh] but found [Ramu]]]>
            </message>
            <full-stacktrace>
              <![CDATA[java.lang.AssertionError: The following asserts failed:
expected [fgh] but found [Ramu]
at org.testng.asserts.SoftAssert.assertAll(SoftAssert.java:43)
at com.comcat.crm.contacttest.CreateContactTest.createContactWithOrg(CreateContactTest.java:123)
at java.base/jdk.internal.reflect.NativeMethodAccessorImpl.invoke0(Native Method)
at java.base/jdk.internal.reflect.NativeMethodAccessorImpl.invoke(NativeMethodAccessorImpl.java:77)
at java.base/jdk.internal.reflect.DelegatingMethodAccessorImpl.invoke(DelegatingMethodAccessorImpl.java:43)
at java.base/java.lang.reflect.Method.invoke(Method.java:568)
at org.testng.internal.MethodInvocationHelper.invokeMethod(MethodInvocationHelper.java:124)
at org.testng.internal.Invoker.invokeMethod(Invoker.java:583)
at org.testng.internal.Invoker.invokeTestMethod(Invoker.java:719)
at org.testng.internal.Invoker.invokeTestMethods(Invoker.java:989)
at org.testng.internal.TestMethodWorker.invokeTestMethods(TestMethodWorker.java:125)
at org.testng.internal.TestMethodWorker.run(TestMethodWorker.java:109)
at org.testng.TestRunner.privateRun(TestRunner.java:648)
at org.testng.TestRunner.run(TestRunner.java:505)
at org.testng.SuiteRunner.runTest(SuiteRunner.java:455)
at org.testng.SuiteRunner.access$000(SuiteRunner.java:40)
at org.testng.SuiteRunner$SuiteWorker.run(SuiteRunner.java:489)
at org.testng.internal.thread.ThreadUtil$1.call(ThreadUtil.java:52)
at java.base/java.util.concurrent.FutureTask.run(FutureTask.java:264)
at java.base/java.util.concurrent.ThreadPoolExecutor.runWorker(ThreadPoolExecutor.java:1136)
at java.base/java.util.concurrent.ThreadPoolExecutor$Worker.run(ThreadPoolExecutor.java:635)
at java.base/java.lang.Thread.run(Thread.java:833)
]]>
            </full-stacktrace>
          </exception> <!-- java.lang.AssertionError -->
          <reporter-output>
          </reporter-output>
        </test-method> <!-- createContactWithOrg -->
        <test-method is-config="true" signature="configAM()[pri:0, instance:com.comcat.crm.contacttest.CreateContactTest@41e68d87]" started-at="2024-05-22T12:25:01Z" name="configAM" finished-at="2024-05-22T12:25:03Z" duration-ms="1294" status="PASS">
          <reporter-output>
          </reporter-output>
        </test-method> <!-- configAM -->
        <test-method is-config="true" signature="configAC()[pri:0, instance:com.comcat.crm.contacttest.CreateContactTest@41e68d87]" started-at="2024-05-22T12:25:03Z" name="configAC" finished-at="2024-05-22T12:25:03Z" duration-ms="402" status="PASS">
          <reporter-output>
          </reporter-output>
        </test-method> <!-- configAC -->
        <test-method is-config="true" signature="configAS()[pri:0, instance:com.comcat.crm.contacttest.CreateContactTest@41e68d87]" started-at="2024-05-22T12:25:03Z" name="configAS" finished-at="2024-05-22T12:25:03Z" duration-ms="10" status="PASS">
          <reporter-output>
          </reporter-output>
        </test-method> <!-- configAS -->
      </class> <!-- com.comcat.crm.contacttest.CreateContactTest -->
    </test> <!-- Test2 -->
  </suite> <!-- Suite -->
</testng-results>
