<?xml version="1.0" encoding="UTF-8"?>
<!-- Generated by org.testng.reporters.JUnitXMLReporter -->
<testsuite ignored="0" hostname="TYSS-Sanjay" failures="0" tests="3" name="Test2" time="39.971" errors="0" timestamp="16 May 2024 07:39:11 GMT">
  <testcase classname="com.comcat.crm.contacttest.CreateContactTest" name="createContact" time="7.321"/>
  <testcase classname="com.comcat.crm.contacttest.CreateContactTest" name="createContactWithData" time="6.814"/>
  <testcase classname="com.comcat.crm.contacttest.CreateContactTest" name="createContactWithOrg" time="13.711"/>
</testsuite> <!-- Test2 -->
