<?xml version="1.0" encoding="UTF-8"?>
<!-- Generated by org.testng.reporters.JUnitXMLReporter -->
<testsuite ignored="0" hostname="TYSS-Sanjay" failures="2" tests="3" name="Test1" time="63.688" errors="0" timestamp="22 May 2024 12:34:27 GMT">
  <testcase classname="com.comcast.crm.organizationtest.CreateOrganizationTest" name="createOrg" time="13.351">
    <failure type="java.lang.AssertionError" message="The following asserts failed:
	expected [false] but found [true]">
      <![CDATA[java.lang.AssertionError: The following asserts failed:
expected [false] but found [true]
at com.comcast.crm.organizationtest.CreateOrganizationTest.createOrg(CreateOrganizationTest.java:41)
at java.base/java.util.concurrent.FutureTask.run(FutureTask.java:264)
at java.base/java.util.concurrent.ThreadPoolExecutor.runWorker(ThreadPoolExecutor.java:1136)
at java.base/java.util.concurrent.ThreadPoolExecutor$Worker.run(ThreadPoolExecutor.java:635)
at java.base/java.lang.Thread.run(Thread.java:833)
... Removed 17 stack frames]]>
    </failure>
  </testcase> <!-- createOrg -->
  <testcase classname="com.comcast.crm.organizationtest.CreateOrganizationTest" name="createOrgWithIndustry" time="15.238"/>
  <testcase classname="com.comcast.crm.organizationtest.CreateOrganizationTest" name="createOrganizationWithphonenumbertest" time="13.116">
    <failure type="java.lang.AssertionError" message="expected [Whatsapp_212] but found [9876766400]">
      <![CDATA[java.lang.AssertionError: expected [Whatsapp_212] but found [9876766400]
at com.comcast.crm.organizationtest.CreateOrganizationTest.createOrganizationWithphonenumbertest(CreateOrganizationTest.java:84)
at java.base/java.util.concurrent.FutureTask.run(FutureTask.java:264)
at java.base/java.util.concurrent.ThreadPoolExecutor.runWorker(ThreadPoolExecutor.java:1136)
at java.base/java.util.concurrent.ThreadPoolExecutor$Worker.run(ThreadPoolExecutor.java:635)
at java.base/java.lang.Thread.run(Thread.java:833)
... Removed 22 stack frames]]>
    </failure>
  </testcase> <!-- createOrganizationWithphonenumbertest -->
</testsuite> <!-- Test1 -->
