<?xml version="1.0" encoding="UTF-8"?>
<!-- Generated by org.testng.reporters.JUnitXMLReporter -->
<testsuite ignored="0" hostname="TYSS-Sanjay" failures="0" tests="3" name="Test" time="27.061" errors="0" timestamp="20 May 2024 12:54:44 GMT">
  <testcase classname="com.comcast.crm.organizationtest.CreateOrganizationTest" name="createOrg" time="5.913"/>
  <testcase classname="com.comcast.crm.organizationtest.CreateOrganizationTest" name="createOrgWithIndustry" time="5.5"/>
  <testcase classname="com.comcast.crm.organizationtest.CreateOrganizationTest" name="createOrganizationWithphonenumbertest" time="5.596"/>
</testsuite> <!-- Test -->
