<?xml version="1.0" encoding="UTF-8"?>
<!-- Generated by org.testng.reporters.JUnitXMLReporter -->
<testsuite ignored="0" hostname="TYSS-Sanjay" failures="1" tests="3" name="Test2" time="38.473" errors="0" timestamp="22 May 2024 09:27:31 GMT">
  <testcase classname="com.comcat.crm.contacttest.CreateContactTest" name="createContact" time="6.829"/>
  <testcase classname="com.comcat.crm.contacttest.CreateContactTest" name="createContactWithData" time="6.772"/>
  <testcase classname="com.comcat.crm.contacttest.CreateContactTest" name="createContactWithOrg" time="13.077">
    <failure type="java.lang.AssertionError" message="The following asserts failed:
	expected [[ ACC137 ] Facebook_1472 - Organization Information] but found [Ramu]">
      <![CDATA[java.lang.AssertionError: The following asserts failed:
expected [[ ACC137 ] Facebook_1472 - Organization Information] but found [Ramu]
at com.comcat.crm.contacttest.CreateContactTest.createContactWithOrg(CreateContactTest.java:126)
at java.base/java.util.concurrent.FutureTask.run(FutureTask.java:264)
at java.base/java.util.concurrent.ThreadPoolExecutor.runWorker(ThreadPoolExecutor.java:1136)
at java.base/java.util.concurrent.ThreadPoolExecutor$Worker.run(ThreadPoolExecutor.java:635)
at java.base/java.lang.Thread.run(Thread.java:833)
... Removed 17 stack frames]]>
    </failure>
  </testcase> <!-- createContactWithOrg -->
</testsuite> <!-- Test2 -->
