<?xml version="1.0" encoding="UTF-8"?>
<!-- Generated by org.testng.reporters.JUnitXMLReporter -->
<testsuite ignored="2" hostname="TYSS-Sanjay" failures="0" tests="4" name="Test" time="0.027" errors="0" timestamp="14 May 2024 05:29:13 GMT">
  <testcase classname="com.comcast.crm.organizationtest.PracOrgtest" name="CreateOrg" time="0.004"/>
  <testcase classname="com.comcast.crm.organizationtest.PracOrgtest" name="CreateOrgwithindustry" time="0.001"/>
  <testcase classname="com.comcat.crm.contacttest.PracCreatetest" name="CreateContact" time="0.0"/>
  <testcase classname="com.comcat.crm.contacttest.PracCreatetest" name="CreateContactwithDate" time="0.002"/>
  <testcase classname="com.comcast.crm.baseutility.BaseClassPractice" name="@AfterSuite configAS" time="0.0">
    <ignored/>
  </testcase> <!-- @AfterSuite configAS -->
  <testcase classname="com.comcast.crm.baseutility.BaseClassPractice" name="@BeforeSuite configBS" time="0.0">
    <ignored/>
  </testcase> <!-- @BeforeSuite configBS -->
</testsuite> <!-- Test -->
